TN:
SF:constants.js
FNF:0
FNH:0
DA:1,3
DA:3,3
DA:4,3
DA:5,3
DA:6,3
DA:7,3
DA:8,3
DA:12,3
DA:13,3
LF:9
LH:9
BRDA:3,0,0,3
BRDA:3,0,1,3
BRDA:4,1,0,3
BRDA:4,1,1,3
BRDA:5,2,0,3
BRDA:5,2,1,3
BRDA:6,3,0,3
BRDA:6,3,1,3
BRDA:7,4,0,3
BRDA:7,4,1,3
BRDA:13,5,0,3
BRDA:13,5,1,3
BRF:12
BRH:12
end_of_record
TN:
SF:src/services/Drive.js
FN:8,codificarParamsURL
FN:22,clasificarError
FN:58,buscarArchivo
FN:84,crearArchivo
FN:115,crearCargaResumible
FN:137,subirArchivoResumible
FN:163,descargarArchivo
FNF:7
FNH:7
FNDA:5,codificarParamsURL
FNDA:9,clasificarError
FNDA:3,buscarArchivo
FNDA:4,crearArchivo
FNDA:2,crearCargaResumible
FNDA:3,subirArchivoResumible
FNDA:3,descargarArchivo
DA:9,5
DA:11,5
DA:13,5
DA:23,9
DA:25,5
DA:27,1
DA:29,0
DA:31,1
DA:33,0
DA:35,1
DA:37,1
DA:39,0
DA:59,3
DA:60,3
DA:61,3
DA:68,2
DA:70,2
DA:72,1
DA:85,4
DA:86,4
DA:87,2
DA:90,4
DA:99,3
DA:101,3
DA:103,1
DA:116,2
DA:117,2
DA:124,1
DA:126,1
DA:138,3
DA:139,3
DA:148,2
DA:150,2
DA:152,1
DA:164,3
DA:165,3
DA:172,2
DA:174,2
DA:175,1
DA:177,1
DA:180,1
LF:41
LH:38
BRDA:23,0,0,5
BRDA:23,0,1,1
BRDA:23,0,2,0
BRDA:23,0,3,1
BRDA:23,0,4,0
BRDA:23,0,5,1
BRDA:23,0,6,1
BRDA:23,0,7,0
BRDA:24,1,0,9
BRDA:24,1,1,7
BRDA:26,2,0,4
BRDA:26,2,1,1
BRDA:28,3,0,3
BRDA:28,3,1,0
BRDA:30,4,0,3
BRDA:30,4,1,1
BRDA:32,5,0,2
BRDA:32,5,1,1
BRDA:34,6,0,2
BRDA:34,6,1,1
BRDA:36,7,0,1
BRDA:36,7,1,1
BRDA:84,8,0,0
BRDA:86,9,0,2
BRDA:86,9,1,2
BRDA:174,10,0,1
BRDA:174,10,1,1
BRDA:174,11,0,2
BRDA:174,11,1,1
BRDA:174,11,2,1
BRDA:174,11,3,1
BRF:31
BRH:26
end_of_record
TN:
SF:src/utils/Responsividad.js
FN:8,detAbrirMenu
FN:23,detTamCarga
FNF:2
FNH:2
FNDA:4,detAbrirMenu
FNDA:4,detTamCarga
DA:9,4
DA:10,1
DA:12,3
DA:24,4
DA:25,1
DA:26,3
DA:27,2
DA:29,1
LF:8
LH:8
BRDA:9,0,0,1
BRDA:9,0,1,3
BRDA:9,1,0,4
BRDA:9,1,1,3
BRDA:9,1,2,2
BRDA:12,2,0,3
BRDA:12,2,1,2
BRDA:12,2,2,1
BRDA:12,2,3,1
BRDA:24,3,0,1
BRDA:24,3,1,3
BRDA:24,4,0,4
BRDA:24,4,1,2
BRDA:26,5,0,2
BRDA:26,5,1,1
BRDA:26,6,0,3
BRDA:26,6,1,1
BRDA:26,6,2,1
BRDA:26,6,3,3
BRF:19
BRH:19
end_of_record
TN:
SF:src/utils/TratarDatos.js
FN:9,oneHotEncondingOtraEnfermedad
FNF:1
FNH:1
FNDA:2,oneHotEncondingOtraEnfermedad
DA:10,2
DA:12,2
DA:13,28
DA:16,2
DA:17,2
DA:20,2
LF:6
LH:6
BRF:0
BRH:0
end_of_record
TN:
SF:src/utils/Validadores.js
FN:6,validarNombre
FN:18,validarTelefono
FN:27,validarNumero
FN:37,validarFecha
FNF:4
FNH:4
FNDA:11,validarNombre
FNDA:12,validarTelefono
FNDA:31,validarNumero
FNDA:12,validarFecha
DA:7,11
DA:8,11
DA:10,11
DA:19,12
DA:28,31
DA:30,31
DA:38,12
DA:40,12
LF:8
LH:8
BRDA:8,0,0,11
BRDA:8,0,1,9
BRDA:10,1,0,11
BRDA:10,1,1,8
BRDA:10,1,2,8
BRDA:19,2,0,12
BRDA:19,2,1,10
BRDA:19,2,2,9
BRF:8
BRH:8
end_of_record
TN:
SF:src/utils/XlsxFiles.js
FN:10,crearArchivoXlsx
FN:32,descargarArchivoXlsx
FN:51,leerArchivoXlsx
FN:74,validarXlsx
FN:93,validarFilas
FNF:5
FNH:2
FNDA:0,crearArchivoXlsx
FNDA:0,descargarArchivoXlsx
FNDA:0,leerArchivoXlsx
FNDA:2,validarXlsx
FNDA:8,validarFilas
DA:11,0
DA:12,0
DA:13,0
DA:14,0
DA:19,0
DA:21,0
DA:33,0
DA:34,0
DA:35,0
DA:37,0
DA:40,0
DA:42,0
DA:52,0
DA:53,0
DA:54,0
DA:56,0
DA:57,0
DA:60,0
DA:64,0
DA:75,2
DA:76,2
DA:77,2
DA:78,2
DA:81,2
DA:82,41
DA:85,2
DA:94,8
DA:95,8
DA:96,8
DA:97,8
DA:98,8
DA:99,8
DA:100,8
DA:102,8
DA:103,112
DA:106,8
DA:107,6
DA:111,2
LF:38
LH:19
BRDA:32,0,0,0
BRDA:56,1,0,0
BRDA:56,1,1,0
BRDA:75,2,0,2
BRDA:75,2,1,1
BRDA:85,3,0,2
BRDA:85,3,1,1
BRDA:85,3,2,1
BRDA:85,3,3,1
BRDA:100,4,0,8
BRDA:100,4,1,1
BRDA:103,5,0,112
BRDA:103,5,1,14
BRDA:106,6,0,6
BRDA:106,6,1,2
BRF:15
BRH:12
end_of_record
